0 info it worked if it ends with ok
1 verbose cli [ '/usr/bin/nodejs', '/usr/bin/npm', 'install', 'cypress' ]
2 info using npm@1.3.10
3 info using node@v0.10.25
4 verbose cache add [ 'cypress', null ]
5 verbose cache add name=undefined spec="cypress" args=["cypress",null]
6 verbose parsed url { protocol: null,
6 verbose parsed url   slashes: null,
6 verbose parsed url   auth: null,
6 verbose parsed url   host: null,
6 verbose parsed url   port: null,
6 verbose parsed url   hostname: null,
6 verbose parsed url   hash: null,
6 verbose parsed url   search: null,
6 verbose parsed url   query: null,
6 verbose parsed url   pathname: 'cypress',
6 verbose parsed url   path: 'cypress',
6 verbose parsed url   href: 'cypress' }
7 silly lockFile b5e13a91-cypress cypress
8 verbose lock cypress /home/c4mz0r/.npm/b5e13a91-cypress.lock
9 silly lockFile b5e13a91-cypress cypress
10 silly lockFile b5e13a91-cypress cypress
11 verbose addNamed [ 'cypress', '' ]
12 verbose addNamed [ null, '*' ]
13 silly lockFile 1e6b0af1-cypress cypress@
14 verbose lock cypress@ /home/c4mz0r/.npm/1e6b0af1-cypress.lock
15 silly addNameRange { name: 'cypress', range: '*', hasData: false }
16 verbose url raw cypress
17 verbose url resolving [ 'https://registry.npmjs.org/', './cypress' ]
18 verbose url resolved https://registry.npmjs.org/cypress
19 info trying registry request attempt 1 at 22:07:04
20 http GET https://registry.npmjs.org/cypress
21 info retry will retry, error on last attempt: Error: CERT_UNTRUSTED
22 info trying registry request attempt 2 at 22:07:14
23 http GET https://registry.npmjs.org/cypress
24 info retry will retry, error on last attempt: Error: CERT_UNTRUSTED
25 info trying registry request attempt 3 at 22:08:15
26 http GET https://registry.npmjs.org/cypress
27 silly lockFile 1e6b0af1-cypress cypress@
28 silly lockFile 1e6b0af1-cypress cypress@
29 error Error: CERT_UNTRUSTED
29 error     at SecurePair.<anonymous> (tls.js:1370:32)
29 error     at SecurePair.EventEmitter.emit (events.js:92:17)
29 error     at SecurePair.maybeInitFinished (tls.js:982:10)
29 error     at CleartextStream.read [as _read] (tls.js:469:13)
29 error     at CleartextStream.Readable.read (_stream_readable.js:320:10)
29 error     at EncryptedStream.write [as _write] (tls.js:366:25)
29 error     at doWrite (_stream_writable.js:223:10)
29 error     at writeOrBuffer (_stream_writable.js:213:5)
29 error     at EncryptedStream.Writable.write (_stream_writable.js:180:11)
29 error     at write (_stream_readable.js:583:24)
30 error If you need help, you may report this log at:
30 error     <http://github.com/isaacs/npm/issues>
30 error or email it to:
30 error     <npm-@googlegroups.com>
31 error System Linux 3.13.0-32-generic
32 error command "/usr/bin/nodejs" "/usr/bin/npm" "install" "cypress"
33 error cwd /home/c4mz0r/Documents/nss-todo-automation
34 error node -v v0.10.25
35 error npm -v 1.3.10
36 verbose exit [ 1, true ]
